17: error: Unexpected keyword argument "z" for "Model"  [call-arg]
18: error: Missing named argument "y" for "Model"  [call-arg]
19: error: Property "y" defined in "Model" is read-only  [misc]
31: error: Unexpected keyword argument "z" for "KwargsModel"  [call-arg]
32: error: Missing named argument "y" for "KwargsModel"  [call-arg]
33: error: Property "y" defined in "KwargsModel" is read-only  [misc]
41: error: Unexpected keyword argument "x" for "ForbidExtraModel"  [call-arg]
48: error: Unexpected keyword argument "x" for "KwargsForbidExtraModel"  [call-arg]
52: error: Invalid value for "Config.extra"  [pydantic-config]
52: note: Error code "pydantic-config" not covered by "type: ignore" comment
59: error: Invalid value for "Config.extra"  [pydantic-config]
64: error: Invalid value for "Config.from_attributes"  [pydantic-config]
64: note: Error code "pydantic-config" not covered by "type: ignore" comment
67: error: Invalid value for "Config.from_attributes"  [pydantic-config]
72: error: Invalid value for "Config.from_attributes"  [pydantic-config]
72: note: Error code "pydantic-config" not covered by "type: ignore" comment
75: error: Invalid value for "Config.from_attributes"  [pydantic-config]
90: error: Incompatible types in assignment (expression has type "ellipsis", variable has type "int")  [assignment]
93: error: Untyped fields disallowed  [pydantic-field]
99: error: Incompatible types in assignment (expression has type "None", variable has type "int")  [assignment]
100: error: Untyped fields disallowed  [pydantic-field]
103: error: Missing named argument "a" for "DefaultTestingModel"  [call-arg]
103: error: Missing named argument "b" for "DefaultTestingModel"  [call-arg]
103: error: Missing named argument "c" for "DefaultTestingModel"  [call-arg]
103: error: Missing named argument "d" for "DefaultTestingModel"  [call-arg]
107: error: Name "Undefined" is not defined  [name-defined]
110: error: Missing named argument "undefined" for "UndefinedAnnotationModel"  [call-arg]
113: error: Missing named argument "y" for "model_construct" of "Model"  [call-arg]
115: error: Argument "x" to "model_construct" of "Model" has incompatible type "str"; expected "int"  [arg-type]
118: error: Argument "x" to "InheritingModel" has incompatible type "str"; expected "int"  [arg-type]
119: error: Argument "x" to "Model" has incompatible type "str"; expected "int"  [arg-type]
136: error: Argument "data" to "Response" has incompatible type "int"; expected "Model"  [arg-type]
144: error: Argument "y" to "AliasModel" has incompatible type "int"; expected "str"  [arg-type]
150: error: Required dynamic aliases disallowed  [pydantic-alias]
154: error: Argument "z" to "DynamicAliasModel" has incompatible type "str"; expected "int"  [arg-type]
164: error: Unexpected keyword argument "y" for "DynamicAliasModel2"  [call-arg]
173: error: Unexpected keyword argument "y" for "KwargsDynamicAliasModel"  [call-arg]
177: error: Required dynamic aliases disallowed  [pydantic-alias]
180: error: Required dynamic aliases disallowed  [pydantic-alias]
188: error: Required dynamic aliases disallowed  [pydantic-alias]
196: error: Untyped fields disallowed  [pydantic-field]
200: error: Unexpected keyword argument "x" for "AliasGeneratorModel2"  [call-arg]
201: error: Unexpected keyword argument "z" for "AliasGeneratorModel2"  [call-arg]
204: error: Required dynamic aliases disallowed  [pydantic-alias]
205: error: Required dynamic aliases disallowed  [pydantic-alias]
213: error: Required dynamic aliases disallowed  [pydantic-alias]
214: error: Required dynamic aliases disallowed  [pydantic-alias]
217: error: Unexpected keyword argument "x" for "KwargsAliasGeneratorModel2"  [call-arg]
218: error: Unexpected keyword argument "z" for "KwargsAliasGeneratorModel2"  [call-arg]
221: error: Name "Missing" is not defined  [name-defined]
248: error: Property "y" defined in "FrozenModel" is read-only  [misc]
268: error: Incompatible types in assignment (expression has type "None", variable has type "int")  [assignment]
269: error: Incompatible types in assignment (expression has type "None", variable has type "int")  [assignment]
272: error: Incompatible types in assignment (expression has type "Set[Any]", variable has type "str")  [assignment]
273: error: Incompatible types in assignment (expression has type "str", variable has type "int")  [assignment]
275: error: Argument "default_factory" to "Field" has incompatible type "int"; expected "Optional[Callable[[], Any]]"  [arg-type]
278: error: Field default and default_factory cannot be specified together  [pydantic-field]
288: error: Missing positional argument "self" in call to "instance_method" of "ModelWithAnnotatedValidator"  [call-arg]
