17: error: Unexpected keyword argument "z" for "Model"  [call-arg]
18: error: Missing named argument "y" for "Model"  [call-arg]
19: error: Property "y" defined in "Model" is read-only  [misc]
20: error: "Model" does not have from_attributes=True  [pydantic-orm]
28: error: Unexpected keyword argument "x" for "ForbidExtraModel"  [call-arg]
32: error: Invalid value for "Config.extra"  [pydantic-config]
32: note: Error code "pydantic-config" not covered by "type: ignore" comment
40: error: Invalid value for "Config.from_attributes"  [pydantic-config]
40: note: Error code "pydantic-config" not covered by "type: ignore" comment
44: error: Invalid value for "Config.from_attributes"  [pydantic-config]
44: note: Error code "pydantic-config" not covered by "type: ignore" comment
54: error: Incompatible types in assignment (expression has type "ellipsis", variable has type "int")  [assignment]
63: error: Incompatible types in assignment (expression has type "None", variable has type "int")  [assignment]
67: error: Missing named argument "a" for "DefaultTestingModel"  [call-arg]
67: error: Missing named argument "b" for "DefaultTestingModel"  [call-arg]
67: error: Missing named argument "c" for "DefaultTestingModel"  [call-arg]
67: error: Missing named argument "d" for "DefaultTestingModel"  [call-arg]
67: error: Missing named argument "e" for "DefaultTestingModel"  [call-arg]
71: error: Name "Undefined" is not defined  [name-defined]
74: error: Missing named argument "undefined" for "UndefinedAnnotationModel"  [call-arg]
77: error: Missing named argument "y" for "model_construct" of "Model"  [call-arg]
79: error: Argument "x" to "model_construct" of "Model" has incompatible type "str"; expected "int"  [arg-type]
128: error: Missing named argument "x" for "DynamicAliasModel2"  [call-arg]
146: error: Unused "type: ignore" comment
152: error: Unused "type: ignore" comment
159: error: Name "Missing" is not defined  [name-defined]
186: error: Property "y" defined in "FrozenModel" is read-only  [misc]
206: error: Incompatible types in assignment (expression has type "None", variable has type "int")  [assignment]
207: error: Incompatible types in assignment (expression has type "None", variable has type "int")  [assignment]
210: error: Incompatible types in assignment (expression has type "Set[Any]", variable has type "str")  [assignment]
211: error: Incompatible types in assignment (expression has type "str", variable has type "int")  [assignment]
213: error: Argument "default_factory" to "Field" has incompatible type "int"; expected "Optional[Callable[[], Any]]"  [arg-type]
216: error: Field default and default_factory cannot be specified together  [pydantic-field]
226: error: Missing positional argument "self" in call to "instance_method" of "ModelWithAnnotatedValidator"  [call-arg]
